[0m12:40:51.773230 [debug] [MainThread]: Sending event: {'category': 'dbt', 'action': 'invocation', 'label': 'start', 'context': [<snowplow_tracker.self_describing_json.SelfDescribingJson object at 0x00000221A5487470>, <snowplow_tracker.self_describing_json.SelfDescribingJson object at 0x00000221A42EAE10>, <snowplow_tracker.self_describing_json.SelfDescribingJson object at 0x00000221A56F1340>]}


============================== 12:40:51.910704 | 299017b7-4077-4f0a-a99b-3109fd5c016c ==============================
[0m12:40:51.910704 [info ] [MainThread]: Running with dbt=1.11.11
[0m12:40:51.911701 [debug] [MainThread]: running dbt with arguments {'static_parser': 'True', 'no_print': 'None', 'version_check': 'True', 'target_path': 'None', 'warn_error_options': 'WarnErrorOptionsV2(error=[], warn=[], silence=[])', 'printer_width': '80', 'write_json': 'True', 'introspect': 'True', 'log_cache_events': 'False', 'empty': 'None', 'cache_selected_only': 'False', 'fail_fast': 'False', 'debug': 'False', 'log_format': 'default', 'profiles_dir': 'C:\\Users\\sahil\\.dbt', 'send_anonymous_usage_stats': 'True', 'quiet': 'False', 'warn_error': 'None', 'partial_parse': 'True', 'invocation_command': 'dbt init', 'use_colors': 'True', 'indirect_selection': 'eager', 'use_experimental_parser': 'False', 'log_path': 'logs'}
[0m12:41:12.602375 [debug] [MainThread]: Starter project path: D:\snowflake project\aws_snowflake_dbt\.venv\Lib\site-packages\dbt\include\starter_project
[0m12:41:12.636129 [info ] [MainThread]: 
Your new dbt project "snowflake_project" was created!

For more information on how to configure the profiles.yml file,
please consult the dbt documentation here:

  https://docs.getdbt.com/docs/configure-your-profile

One more thing:

Need help? Don't hesitate to reach out to us via GitHub issues or on Slack:

  https://community.getdbt.com/

Happy modeling!

[0m12:41:12.636129 [info ] [MainThread]: Setting up your profile.
[0m12:41:24.581312 [debug] [MainThread]: Snowflake adapter: Setting snowflake.connector to ERROR (file logging only)
[0m12:41:24.581312 [debug] [MainThread]: Snowflake adapter: Setting botocore to ERROR (file logging only)
[0m12:41:24.582333 [debug] [MainThread]: Snowflake adapter: Setting boto3 to ERROR (file logging only)
[0m12:43:50.482374 [info ] [MainThread]: Profile snowflake_project written to C:\Users\sahil\.dbt\profiles.yml using target's profile_template.yml and your supplied values. Run 'dbt debug' to validate the connection.
[0m12:43:50.484361 [debug] [MainThread]: Command `dbt init` succeeded at 12:43:50.484361 after 178.98 seconds
[0m12:43:50.484361 [debug] [MainThread]: Sending event: {'category': 'dbt', 'action': 'invocation', 'label': 'end', 'context': [<snowplow_tracker.self_describing_json.SelfDescribingJson object at 0x00000221A37CFBC0>, <snowplow_tracker.self_describing_json.SelfDescribingJson object at 0x00000221A7D96780>, <snowplow_tracker.self_describing_json.SelfDescribingJson object at 0x00000221A7E08A40>]}
[0m12:43:50.485364 [debug] [MainThread]: Flushing usage events
[0m12:43:52.143650 [debug] [MainThread]: An error was encountered while trying to flush usage events
[0m12:44:10.175079 [debug] [MainThread]: Sending event: {'category': 'dbt', 'action': 'invocation', 'label': 'start', 'context': [<snowplow_tracker.self_describing_json.SelfDescribingJson object at 0x000001CFCED41A30>, <snowplow_tracker.self_describing_json.SelfDescribingJson object at 0x000001CFCD243F80>, <snowplow_tracker.self_describing_json.SelfDescribingJson object at 0x000001CFCF18ADE0>]}


============================== 12:44:10.180115 | 4da62a45-6f90-4739-ac8e-8f40a3f1d8c2 ==============================
[0m12:44:10.180115 [info ] [MainThread]: Running with dbt=1.11.11
[0m12:44:10.181113 [debug] [MainThread]: running dbt with arguments {'static_parser': 'True', 'no_print': 'None', 'version_check': 'True', 'target_path': 'None', 'warn_error_options': 'WarnErrorOptionsV2(error=[], warn=[], silence=[])', 'printer_width': '80', 'write_json': 'True', 'introspect': 'True', 'log_cache_events': 'False', 'empty': 'None', 'cache_selected_only': 'False', 'log_format': 'default', 'debug': 'False', 'fail_fast': 'False', 'profiles_dir': 'C:\\Users\\sahil\\.dbt', 'send_anonymous_usage_stats': 'True', 'quiet': 'False', 'warn_error': 'None', 'partial_parse': 'True', 'use_colors': 'True', 'indirect_selection': 'eager', 'invocation_command': 'dbt debug', 'use_experimental_parser': 'False', 'log_path': 'logs'}
[0m12:44:10.238113 [info ] [MainThread]: dbt version: 1.11.11
[0m12:44:10.238113 [info ] [MainThread]: python version: 3.12.10
[0m12:44:10.239114 [info ] [MainThread]: python path: D:\snowflake project\aws_snowflake_dbt\.venv\Scripts\python.exe
[0m12:44:10.239114 [info ] [MainThread]: os info: Windows-11-10.0.26200-SP0
[0m12:44:10.245117 [info ] [MainThread]: Error importing adapter: No module named 'dbt.adapters.databricks'
[0m12:44:10.833810 [debug] [MainThread]: Snowflake adapter: Setting snowflake.connector to ERROR (file logging only)
[0m12:44:10.834801 [debug] [MainThread]: Snowflake adapter: Setting botocore to ERROR (file logging only)
[0m12:44:10.834801 [debug] [MainThread]: Snowflake adapter: Setting boto3 to ERROR (file logging only)
[0m12:44:10.913955 [info ] [MainThread]: Using profiles dir at C:\Users\sahil\.dbt
[0m12:44:10.914953 [info ] [MainThread]: Using profiles.yml file at C:\Users\sahil\.dbt\profiles.yml
[0m12:44:10.914953 [info ] [MainThread]: Using dbt_project.yml file at D:\snowflake project\aws_snowflake_dbt\dbt_project.yml
[0m12:44:10.915916 [info ] [MainThread]: Configuration:
[0m12:44:10.915916 [info ] [MainThread]:   profiles.yml file [[31mERROR invalid[0m]
[0m12:44:10.916920 [info ] [MainThread]:   dbt_project.yml file [[31mERROR not found[0m]
[0m12:44:10.916920 [info ] [MainThread]: Required dependencies:
[0m12:44:10.917921 [debug] [MainThread]: Executing "git --help"
[0m12:44:10.983832 [debug] [MainThread]: STDOUT: "b"usage: git [-v | --version] [-h | --help] [-C <path>] [-c <name>=<value>]\n           [--exec-path[=<path>]] [--html-path] [--man-path] [--info-path]\n           [-p | --paginate | -P | --no-pager] [--no-replace-objects] [--bare]\n           [--git-dir=<path>] [--work-tree=<path>] [--namespace=<name>]\n           [--config-env=<name>=<envvar>] <command> [<args>]\n\nThese are common Git commands used in various situations:\n\nstart a working area (see also: git help tutorial)\n   clone     Clone a repository into a new directory\n   init      Create an empty Git repository or reinitialize an existing one\n\nwork on the current change (see also: git help everyday)\n   add       Add file contents to the index\n   mv        Move or rename a file, a directory, or a symlink\n   restore   Restore working tree files\n   rm        Remove files from the working tree and from the index\n\nexamine the history and state (see also: git help revisions)\n   bisect    Use binary search to find the commit that introduced a bug\n   diff      Show changes between commits, commit and working tree, etc\n   grep      Print lines matching a pattern\n   log       Show commit logs\n   show      Show various types of objects\n   status    Show the working tree status\n\ngrow, mark and tweak your common history\n   branch    List, create, or delete branches\n   commit    Record changes to the repository\n   merge     Join two or more development histories together\n   rebase    Reapply commits on top of another base tip\n   reset     Reset current HEAD to the specified state\n   switch    Switch branches\n   tag       Create, list, delete or verify a tag object signed with GPG\n\ncollaborate (see also: git help workflows)\n   fetch     Download objects and refs from another repository\n   pull      Fetch from and integrate with another repository or a local branch\n   push      Update remote refs along with associated objects\n\n'git help -a' and 'git help -g' list available subcommands and some\nconcept guides. See 'git help <command>' or 'git help <concept>'\nto read about a specific subcommand or concept.\nSee 'git help git' for an overview of the system.\n""
[0m12:44:10.984872 [debug] [MainThread]: STDERR: "b''"
[0m12:44:10.984872 [info ] [MainThread]:  - git [[32mOK found[0m]

[0m12:44:10.985872 [info ] [MainThread]: Connection test skipped since no profile was found
[0m12:44:10.985872 [info ] [MainThread]: [31m2 checks failed:[0m
[0m12:44:10.986832 [info ] [MainThread]: Could not load dbt_project.yml
Profile loading failed for the following reason:
Runtime Error
  Credentials in profile "dbt_project", target "dev" invalid: Runtime Error
    Could not find adapter type databricks!


[0m12:44:10.986832 [info ] [MainThread]: Project loading failed for the following reason:
 project path <D:\snowflake project\aws_snowflake_dbt\dbt_project.yml> not found

[0m12:44:10.988873 [debug] [MainThread]: Command `dbt debug` failed at 12:44:10.987871 after 1.07 seconds
[0m12:44:10.988873 [debug] [MainThread]: Sending event: {'category': 'dbt', 'action': 'invocation', 'label': 'end', 'context': [<snowplow_tracker.self_describing_json.SelfDescribingJson object at 0x000001CFD211BEC0>, <snowplow_tracker.self_describing_json.SelfDescribingJson object at 0x000001CFD22A8620>, <snowplow_tracker.self_describing_json.SelfDescribingJson object at 0x000001CFCF2F5460>]}
[0m12:44:10.988873 [debug] [MainThread]: Flushing usage events
[0m12:44:12.933262 [debug] [MainThread]: An error was encountered while trying to flush usage events
